This file contains any messages produced by compilers while
running configure, to aid debugging if configure makes a mistake.

It was created by tasks configure 0.10, which was
generated by GNU Autoconf 2.63.  Invocation command line was

  $ ./configure --host=arm-angstrom-linux-gnueabi --prefix=/usr/local/openmoko/arm/arm-angstrom-linux-gnueabi/usr

## --------- ##
## Platform. ##
## --------- ##

hostname = ito-desktop
uname -m = x86_64
uname -r = 2.6.28-11-generic
uname -s = Linux
uname -v = #42-Ubuntu SMP Fri Apr 17 01:58:03 UTC 2009

/usr/bin/uname -p = unknown
/bin/uname -X     = unknown

/bin/arch              = unknown
/usr/bin/arch -k       = unknown
/usr/convex/getsysinfo = unknown
/usr/bin/hostinfo      = unknown
/bin/machine           = unknown
/usr/bin/oslevel       = unknown
/bin/universe          = unknown

PATH: /usr/local/openmoko/arm/bin
PATH: /usr/local/sbin
PATH: /usr/local/bin
PATH: /usr/sbin
PATH: /usr/bin
PATH: /sbin
PATH: /bin
PATH: /usr/X11R6/bin


## ----------- ##
## Core tests. ##
## ----------- ##

configure:1959: loading site script /usr/local/openmoko/arm/site-config
| ac_cv_c_littleendian=${ac_cv_c_littleendian=yes}
| ac_cv_c_bigendian=${ac_cv_c_bigendian=no}
| 
| # libnet
| ac_cv_libnet_endianess=${ac_cv_libnet_endianess=lil}
| 
| # apr
| ac_cv_file__dev_zero=${ac_cv_file__dev_zero=yes}
| # general
| ac_cv_have_decl_sys_siglist=${ac_cv_have_decl_sys_siglist=yes}
| ac_cv_func_malloc_0_nonnull=${ac_cv_func_malloc_0_nonnull=yes}
| ac_cv_func_memcmp_working=${ac_cv_func_memcmp_working=yes}
| ac_cv_type_uid_t={ac_cv_type_uid_t=yes}
| 
| # bash
| bash_cv_under_sys_siglist=${bash_cv_under_sys_siglist=yes}
| bash_cv_sys_siglist=${bash_cv_sys_siglist=yes}
| 
| # clamav
| clamav_av_func_working_snprintf_long=${clamav_av_func_working_snprintf_long=yes}
| clamav_av_have_in_port_t=${clamav_av_have_in_port_t=yes}
| clamav_av_have_in_addr_t=${clamav_av_have_in_addr_t=yes}
| ac_cv_func_mmap_fixed_mapped=${ac_cv_func_mmap_fixed_mapped=yes}
| 
| # glib
| glib_cv_strlcpy=${glib_cv_strlcpy=no}
| ac_cv_func_printf_unix98=${ac_cv_func_printf_unix98=yes}
| ac_cv_func_snprintf_c99=${ac_cv_func_snprintf_c99=yes}
| ac_cv_func_vsnprintf_c99=${ac_cv_func_vsnprintf_c99=yes}
| glib_cv_compliant_posix_memalign=${glib_cv_compliant_posix_memalign=1}
| glib_cv_long_long_format=${glib_cv_long_long_format=ll}
| 
| #dbus-glib
| ac_cv_have_abstract_sockets=${ac_cv_have_abstract_sockets=yes}
| 
| # gnucash
| am_cv_scanf_lld=${am_cv_scanf_lld=yes}
| 
| # mono
| mono_cv_uscore=${mono_cv_uscore=no}
| 
| # guile
| ac_cv_func_pthread_attr_getstack=${ac_cv_func_pthread_attr_getstack=yes}
| 
| #gcc-zlib
| ac_cv_func_getpagesize=${ac_cv_func_getpagesize=yes}
| ac_cv_func_memcpy=${ac_cv_func_memcpy=yes}
| ac_cv_func_strerror=${ac_cv_func_strerror=yes}
| 
| # squid
| ac_cv_af_unix_large_dgram=${ac_cv_af_unix_large_dgram=yes}
| ac_cv_func_setresuid=${ac_cv_func_setresuid=yes}
| ac_cv_func_va_copy=${ac_cv_func_va_copy=yes}
| ac_cv_func___va_copy=${ac_cv_func___va_copy=yes}
| ac_cv_epoll_works=${ac_cv_epoll_works=yes}
| 
| #git
| ac_cv_fread_reads_directories=${ac_cv_fread_reads_directories=yes}
| # pth
| ac_cv_check_sjlj=ssjlj
| ac_cv_func_getpgrp_void=${ac_cv_func_getpgrp_void=yes}
| ac_cv_func_getpwuid_r=${ac_cv_func_getpwuid_r=yes}
| ac_cv_func_lstat_dereferences_slashed_symlink=${ac_cv_func_lstat_dereferences_slashed_symlink=yes}
| ac_cv_func_lstat_empty_string_bug=${ac_cv_func_lstat_empty_string_bug=no}
| ac_cv_func_malloc_0_nonnull=${ac_cv_func_malloc_0_nonnull=yes}
| ac_cv_func_posix_getpwnam_r=${ac_cv_func_posix_getpwnam_r=yes}
| ac_cv_func_posix_getpwuid_r=${ac_cv_func_posix_getpwuid_r=yes}
| ac_cv_func_setpgrp_void=${ac_cv_func_setpgrp_void=yes}
| ac_cv_func_setvbuf_reversed=${ac_cv_func_setvbuf_reversed=no}
| ac_cv_func_stat_empty_string_bug=${ac_cv_func_stat_empty_string_bug=no}
| ac_cv_func_stat_ignores_trailing_slash=${ac_cv_func_stat_ignores_trailing_slash=no}
| ac_libnet_have_packet_socket=${ac_libnet_have_packet_socket=yes}
| ac_cv_linux_vers=${ac_cv_linux_vers=2}
| ac_cv_need_trio=${ac_cv_need_trio=no}
| ac_cv_sizeof_char=${ac_cv_sizeof_char=1}
| ac_cv_sizeof_int=${ac_cv_sizeof_int=4}
| ac_cv_sizeof___int64=${ac_cv_sizeof___int64=0}
| ac_cv_sizeof_long=${ac_cv_sizeof_long=8}
| ac_cv_sizeof_long_double=${ac_cv_sizeof_long_double=16}
| ac_cv_sizeof_long_int=${ac_cv_sizeof_long_int=8}
| ac_cv_sizeof_long_long=${ac_cv_sizeof_long_long=8}
| ac_cv_sizeof_off_t=${ac_cv_sizeof_off_t=8}
| ac_cv_sizeof_short=${ac_cv_sizeof_short=2}
| ac_cv_sizeof_short_int=${ac_cv_sizeof_short_int=2}
| ac_cv_sizeof_size_t=${ac_cv_sizeof_size_t=8}
| ac_cv_sizeof_void_p=${ac_cv_sizeof_void_p=8}
| ac_cv_strerror_r_SUSv3=${ac_cv_strerror_r_SUSv3=no}
| bash_cv_have_mbstate_t=${bash_cv_have_mbstate_t=yes}
| db_cv_alignp_t=${db_cv_alignp_t='unsigned long long'}
| db_cv_align_t=${db_cv_align_t='unsigned long long'}
| db_cv_fcntl_f_setfd=${db_cv_fcntl_f_setfd=yes}
| db_cv_mutex=${db_cv_mutex=POSIX/pthreads/library}
| db_cv_path_ar=${db_cv_path_ar=/usr/bin/ar}
| db_cv_path_chmod=${db_cv_path_chmod=/bin/chmod}
| db_cv_path_cp=${db_cv_path_cp=/bin/cp}
| db_cv_path_ln=${db_cv_path_ln=/bin/ln}
| db_cv_path_mkdir=${db_cv_path_mkdir=/bin/mkdir}
| db_cv_path_ranlib=${db_cv_path_ranlib=/usr/bin/ranlib}
| db_cv_path_rm=${db_cv_path_rm=/bin/rm}
| db_cv_path_sh=${db_cv_path_sh=/bin/sh}
| db_cv_path_strip=${db_cv_path_strip=/usr/bin/strip}
| db_cv_posixmutexes=${db_cv_posixmutexes=no}
| db_cv_sprintf_count=${db_cv_sprintf_count=yes}
| db_cv_uimutexes=${db_cv_uimutexes=no}
| glib_cv_hasinline=${glib_cv_hasinline=yes}
| glib_cv_has__inline=${glib_cv_has__inline=yes}
| glib_cv_has__inline__=${glib_cv_has__inline__=yes}
| glib_cv_long_long_format=${glib_cv_long_long_format=ll}
| glib_cv_rtldglobal_broken=${glib_cv_rtldglobal_broken=yes}
| glib_cv_sane_realloc=${glib_cv_sane_realloc=yes}
| glib_cv_sizeof_gmutex=${glib_cv_sizeof_gmutex=40}
| glib_cv_sizeof_intmax_t=${glib_cv_sizeof_intmax_t=8}
| glib_cv_sizeof_ptrdiff_t=${glib_cv_sizeof_ptrdiff_t=8}
| glib_cv_sizeof_size_t=${glib_cv_sizeof_size_t=8}
| glib_cv_sizeof_system_thread=${glib_cv_sizeof_system_thread=8}
| glib_cv_stack_grows=${glib_cv_stack_grows=no}
| glib_cv_sys_pthread_cond_timedwait_posix=${glib_cv_sys_pthread_cond_timedwait_posix=yes}
| glib_cv_sys_pthread_getspecific_posix=${glib_cv_sys_pthread_getspecific_posix=yes}
| glib_cv_sys_pthread_mutex_trylock_posix=${glib_cv_sys_pthread_mutex_trylock_posix=yes}
| glib_cv_uscore=${glib_cv_uscore=no}
| glib_cv___va_copy=${glib_cv___va_copy=yes}
| glib_cv_va_copy=${glib_cv_va_copy=yes}
| glib_cv_va_val_copy=${glib_cv_va_val_copy=no}
| lftp_cv_va_copy=${lftp_cv_va_copy=yes}
| nano_cv_func_regexec_segv_emptystr=${nano_cv_func_regexec_segv_emptystr=no}
| samba_cv_HAVE_VA_COPY=${samba_cv_HAVE_VA_COPY=yes}
| screen_cv_sys_bcopy_overlap=${screen_cv_sys_bcopy_overlap=no}
| screen_cv_sys_fifo_broken_impl=${screen_cv_sys_fifo_broken_impl=yes}
| screen_cv_sys_fifo_usable=${screen_cv_sys_fifo_usable=yes}
| screen_cv_sys_memcpy_overlap=${screen_cv_sys_memcpy_overlap=no}
| screen_cv_sys_memmove_overlap=${screen_cv_sys_memmove_overlap=no}
| screen_cv_sys_select_broken_retval=${screen_cv_sys_select_broken_retval=no}
| screen_cv_sys_sockets_nofs=${screen_cv_sys_sockets_nofs=no}
| screen_cv_sys_sockets_usable=${screen_cv_sys_sockets_usable=yes}
| screen_cv_sys_terminfo_used=${screen_cv_sys_terminfo_used=yes}
| utils_cv_sys_open_max=${utils_cv_sys_open_max=1015}
| 
| # gettext
| am_cv_func_working_getline=${am_cv_func_working_getline=yes}
| 
| #gcc
| ac_cv_lib_m_sin=${ac_cv_lib_m_sin=yes}
| # libelf
| mr_cv_target_elf=${mr_cv_target_elf=yes}
| 
| # Normally kernels have /dev/random enabled
| ac_cv_file__dev_random=${ac_cv_file__dev_random=yes}
| 
| # does compiler handle IEEE math?
| rd_cv_ieee_works=${rd_cv_ieee_works=yes}
| # libelf
| mr_cv_target_elf=${mr_cv_target_elf=yes}
| 
| # Normally kernels have /dev/random enabled
| ac_cv_file__dev_random=${ac_cv_file__dev_random=yes}
| 
| # does compiler handle IEEE math?
| rd_cv_ieee_works=${rd_cv_ieee_works=yes}
configure:2122: checking for a BSD-compatible install
configure:2190: result: /usr/bin/install -c
configure:2201: checking whether build environment is sane
configure:2244: result: yes
configure:2269: checking for a thread-safe mkdir -p
configure:2308: result: /bin/mkdir -p
configure:2321: checking for gawk
configure:2351: result: no
configure:2321: checking for mawk
configure:2337: found /usr/bin/mawk
configure:2348: result: mawk
configure:2359: checking whether make sets $(MAKE)
configure:2381: result: yes
configure:2461: checking for arm-angstrom-linux-gnueabi-strip
configure:2488: result: arm-angstrom-linux-gnueabi-strip
configure:2567: checking whether to enable maintainer-specific portions of Makefiles
configure:2576: result: no
configure:2602: checking for style of include used by make
configure:2630: result: GNU
configure:2660: checking for arm-angstrom-linux-gnueabi-gcc
configure:2687: result: ccache arm-angstrom-linux-gnueabi-gcc -march=armv4t -mtune=arm920t
configure:2959: checking for C compiler version
configure:2967: ccache arm-angstrom-linux-gnueabi-gcc -march=armv4t -mtune=arm920t --version >&5
arm-angstrom-linux-gnueabi-gcc (GCC) 4.1.2
Copyright (C) 2006 Free Software Foundation, Inc.
This is free software; see the source for copying conditions.  There is NO
warranty; not even for MERCHANTABILITY or FITNESS FOR A PARTICULAR PURPOSE.

configure:2971: $? = 0
configure:2978: ccache arm-angstrom-linux-gnueabi-gcc -march=armv4t -mtune=arm920t -v >&5
Using built-in specs.
Target: arm-angstrom-linux-gnueabi
Configured with: /home/build/internal-daily-build/build/testing/work/x86_64-armv4t-sdk-angstrom-linux-gnueabi/gcc-cross-sdk-4.1.2-r8/gcc-4.1.2/configure --build=x86_64-linux --host=x86_64-linux --target=arm-angstrom-linux-gnueabi --prefix=/usr/local/openmoko/arm --exec_prefix=/usr/local/openmoko/arm --bindir=/usr/local/openmoko/arm/bin --sbindir=/usr/local/openmoko/arm/bin --libexecdir=/usr/local/openmoko/arm/libexec --datadir=/usr/local/openmoko/arm/share --sysconfdir=/usr/local/openmoko/arm/etc --sharedstatedir=/usr/local/openmoko/arm/share/com --localstatedir=/usr/local/openmoko/arm/var --libdir=/usr/local/openmoko/arm/lib --includedir=/usr/local/openmoko/arm/include --oldincludedir=/usr/local/openmoko/arm/include --infodir=/usr/local/openmoko/arm/share/info --mandir=/usr/local/openmoko/arm/share/man --with-gnu-ld --enable-shared --enable-target-optspace --enable-languages=c,c++,objc --enable-threads=posix --enable-multilib --enable-c99 --enable-long-long --enable-symvers=gnu --enable-libstdcxx-pch --program-prefix=arm-angstrom-linux-gnueabi- --disable-libssp --disable-libmudflap --with-float=soft --with-local-prefix=/home/build/internal-daily-build/build/testing/staging/arm-angstrom-linux-gnueabi/usr --with-gxx-include-dir=/home/build/internal-daily-build/build/testing/staging/arm-angstrom-linux-gnueabi//usr/include/c++ --with-sysroot=/usr/local/openmoko/arm/arm-angstrom-linux-gnueabi --with-build-time-tools=/home/build/internal-daily-build/build/testing/cross/arm-angstrom-linux-gnueabi/bin --with-build-sysroot=/home/build/internal-daily-build/build/testing/staging/arm-angstrom-linux-gnueabi --disable-libunwind-exceptions --with-mpfr=/home/build/internal-daily-build/build/testing/staging/x86_64-linux/usr --enable-__cxa_atexit
Thread model: posix
gcc version 4.1.2
configure:2982: $? = 0
configure:2989: ccache arm-angstrom-linux-gnueabi-gcc -march=armv4t -mtune=arm920t -V >&5
arm-angstrom-linux-gnueabi-gcc: '-V' must come at the start of the command line
configure:2993: $? = 1
configure:3016: checking for C compiler default output file name
configure:3038: ccache arm-angstrom-linux-gnueabi-gcc -march=armv4t -mtune=arm920t -isystem/usr/local/openmoko/arm/arm-angstrom-linux-gnueabi/include -fexpensive-optimizations -fomit-frame-pointer -frename-registers -O2 -isystem/usr/local/openmoko/arm/arm-angstrom-linux-gnueabi/include -L/usr/local/openmoko/arm/arm-angstrom-linux-gnueabi/lib -Wl,-rpath-link,/usr/local/openmoko/arm/arm-angstrom-linux-gnueabi/lib -Wl,-O1 conftest.c  >&5
configure:3042: $? = 0
configure:3080: result: a.out
configure:3099: checking whether the C compiler works
configure:3109: ./a.out
./configure: line 3111: ./a.out: cannot execute binary file
configure:3113: $? = 126
configure:3132: result: yes
configure:3139: checking whether we are cross compiling
configure:3141: result: yes
configure:3144: checking for suffix of executables
configure:3151: ccache arm-angstrom-linux-gnueabi-gcc -march=armv4t -mtune=arm920t -o conftest -isystem/usr/local/openmoko/arm/arm-angstrom-linux-gnueabi/include -fexpensive-optimizations -fomit-frame-pointer -frename-registers -O2 -isystem/usr/local/openmoko/arm/arm-angstrom-linux-gnueabi/include -L/usr/local/openmoko/arm/arm-angstrom-linux-gnueabi/lib -Wl,-rpath-link,/usr/local/openmoko/arm/arm-angstrom-linux-gnueabi/lib -Wl,-O1 conftest.c  >&5
configure:3155: $? = 0
configure:3181: result: 
configure:3187: checking for suffix of object files
configure:3213: ccache arm-angstrom-linux-gnueabi-gcc -march=armv4t -mtune=arm920t -c -isystem/usr/local/openmoko/arm/arm-angstrom-linux-gnueabi/include -fexpensive-optimizations -fomit-frame-pointer -frename-registers -O2 -isystem/usr/local/openmoko/arm/arm-angstrom-linux-gnueabi/include conftest.c >&5
configure:3217: $? = 0
configure:3242: result: o
configure:3246: checking whether we are using the GNU C compiler
configure:3275: ccache arm-angstrom-linux-gnueabi-gcc -march=armv4t -mtune=arm920t -c -isystem/usr/local/openmoko/arm/arm-angstrom-linux-gnueabi/include -fexpensive-optimizations -fomit-frame-pointer -frename-registers -O2 -isystem/usr/local/openmoko/arm/arm-angstrom-linux-gnueabi/include conftest.c >&5
configure:3282: $? = 0
configure:3299: result: yes
configure:3308: checking whether ccache arm-angstrom-linux-gnueabi-gcc -march=armv4t -mtune=arm920t accepts -g
configure:3338: ccache arm-angstrom-linux-gnueabi-gcc -march=armv4t -mtune=arm920t -c -g -isystem/usr/local/openmoko/arm/arm-angstrom-linux-gnueabi/include conftest.c >&5
configure:3345: $? = 0
configure:3446: result: yes
configure:3463: checking for ccache arm-angstrom-linux-gnueabi-gcc -march=armv4t -mtune=arm920t option to accept ISO C89
configure:3537: ccache arm-angstrom-linux-gnueabi-gcc -march=armv4t -mtune=arm920t  -c -isystem/usr/local/openmoko/arm/arm-angstrom-linux-gnueabi/include -fexpensive-optimizations -fomit-frame-pointer -frename-registers -O2 -isystem/usr/local/openmoko/arm/arm-angstrom-linux-gnueabi/include conftest.c >&5
configure:3544: $? = 0
configure:3567: result: none needed
configure:3587: checking dependency style of ccache arm-angstrom-linux-gnueabi-gcc -march=armv4t -mtune=arm920t
configure:3678: result: gcc3
configure:3694: checking for library containing strerror
configure:3735: ccache arm-angstrom-linux-gnueabi-gcc -march=armv4t -mtune=arm920t -o conftest -isystem/usr/local/openmoko/arm/arm-angstrom-linux-gnueabi/include -fexpensive-optimizations -fomit-frame-pointer -frename-registers -O2 -isystem/usr/local/openmoko/arm/arm-angstrom-linux-gnueabi/include -L/usr/local/openmoko/arm/arm-angstrom-linux-gnueabi/lib -Wl,-rpath-link,/usr/local/openmoko/arm/arm-angstrom-linux-gnueabi/lib -Wl,-O1 conftest.c  >&5
configure:3742: $? = 0
configure:3773: result: none required
configure:3789: checking for arm-angstrom-linux-gnueabi-gcc
configure:3816: result: ccache arm-angstrom-linux-gnueabi-gcc -march=armv4t -mtune=arm920t
configure:4088: checking for C compiler version
configure:4096: ccache arm-angstrom-linux-gnueabi-gcc -march=armv4t -mtune=arm920t --version >&5
arm-angstrom-linux-gnueabi-gcc (GCC) 4.1.2
Copyright (C) 2006 Free Software Foundation, Inc.
This is free software; see the source for copying conditions.  There is NO
warranty; not even for MERCHANTABILITY or FITNESS FOR A PARTICULAR PURPOSE.

configure:4100: $? = 0
configure:4107: ccache arm-angstrom-linux-gnueabi-gcc -march=armv4t -mtune=arm920t -v >&5
Using built-in specs.
Target: arm-angstrom-linux-gnueabi
Configured with: /home/build/internal-daily-build/build/testing/work/x86_64-armv4t-sdk-angstrom-linux-gnueabi/gcc-cross-sdk-4.1.2-r8/gcc-4.1.2/configure --build=x86_64-linux --host=x86_64-linux --target=arm-angstrom-linux-gnueabi --prefix=/usr/local/openmoko/arm --exec_prefix=/usr/local/openmoko/arm --bindir=/usr/local/openmoko/arm/bin --sbindir=/usr/local/openmoko/arm/bin --libexecdir=/usr/local/openmoko/arm/libexec --datadir=/usr/local/openmoko/arm/share --sysconfdir=/usr/local/openmoko/arm/etc --sharedstatedir=/usr/local/openmoko/arm/share/com --localstatedir=/usr/local/openmoko/arm/var --libdir=/usr/local/openmoko/arm/lib --includedir=/usr/local/openmoko/arm/include --oldincludedir=/usr/local/openmoko/arm/include --infodir=/usr/local/openmoko/arm/share/info --mandir=/usr/local/openmoko/arm/share/man --with-gnu-ld --enable-shared --enable-target-optspace --enable-languages=c,c++,objc --enable-threads=posix --enable-multilib --enable-c99 --enable-long-long --enable-symvers=gnu --enable-libstdcxx-pch --program-prefix=arm-angstrom-linux-gnueabi- --disable-libssp --disable-libmudflap --with-float=soft --with-local-prefix=/home/build/internal-daily-build/build/testing/staging/arm-angstrom-linux-gnueabi/usr --with-gxx-include-dir=/home/build/internal-daily-build/build/testing/staging/arm-angstrom-linux-gnueabi//usr/include/c++ --with-sysroot=/usr/local/openmoko/arm/arm-angstrom-linux-gnueabi --with-build-time-tools=/home/build/internal-daily-build/build/testing/cross/arm-angstrom-linux-gnueabi/bin --with-build-sysroot=/home/build/internal-daily-build/build/testing/staging/arm-angstrom-linux-gnueabi --disable-libunwind-exceptions --with-mpfr=/home/build/internal-daily-build/build/testing/staging/x86_64-linux/usr --enable-__cxa_atexit
Thread model: posix
gcc version 4.1.2
configure:4111: $? = 0
configure:4118: ccache arm-angstrom-linux-gnueabi-gcc -march=armv4t -mtune=arm920t -V >&5
arm-angstrom-linux-gnueabi-gcc: '-V' must come at the start of the command line
configure:4122: $? = 1
configure:4125: checking whether we are using the GNU C compiler
configure:4178: result: yes
configure:4187: checking whether ccache arm-angstrom-linux-gnueabi-gcc -march=armv4t -mtune=arm920t accepts -g
configure:4325: result: yes
configure:4342: checking for ccache arm-angstrom-linux-gnueabi-gcc -march=armv4t -mtune=arm920t option to accept ISO C89
configure:4446: result: none needed
configure:4466: checking dependency style of ccache arm-angstrom-linux-gnueabi-gcc -march=armv4t -mtune=arm920t
configure:4557: result: gcc3
configure:4580: checking for arm-angstrom-linux-gnueabi-gcc
configure:4607: result: ccache arm-angstrom-linux-gnueabi-gcc -march=armv4t -mtune=arm920t
configure:4879: checking for C compiler version
configure:4887: ccache arm-angstrom-linux-gnueabi-gcc -march=armv4t -mtune=arm920t --version >&5
arm-angstrom-linux-gnueabi-gcc (GCC) 4.1.2
Copyright (C) 2006 Free Software Foundation, Inc.
This is free software; see the source for copying conditions.  There is NO
warranty; not even for MERCHANTABILITY or FITNESS FOR A PARTICULAR PURPOSE.

configure:4891: $? = 0
configure:4898: ccache arm-angstrom-linux-gnueabi-gcc -march=armv4t -mtune=arm920t -v >&5
Using built-in specs.
Target: arm-angstrom-linux-gnueabi
Configured with: /home/build/internal-daily-build/build/testing/work/x86_64-armv4t-sdk-angstrom-linux-gnueabi/gcc-cross-sdk-4.1.2-r8/gcc-4.1.2/configure --build=x86_64-linux --host=x86_64-linux --target=arm-angstrom-linux-gnueabi --prefix=/usr/local/openmoko/arm --exec_prefix=/usr/local/openmoko/arm --bindir=/usr/local/openmoko/arm/bin --sbindir=/usr/local/openmoko/arm/bin --libexecdir=/usr/local/openmoko/arm/libexec --datadir=/usr/local/openmoko/arm/share --sysconfdir=/usr/local/openmoko/arm/etc --sharedstatedir=/usr/local/openmoko/arm/share/com --localstatedir=/usr/local/openmoko/arm/var --libdir=/usr/local/openmoko/arm/lib --includedir=/usr/local/openmoko/arm/include --oldincludedir=/usr/local/openmoko/arm/include --infodir=/usr/local/openmoko/arm/share/info --mandir=/usr/local/openmoko/arm/share/man --with-gnu-ld --enable-shared --enable-target-optspace --enable-languages=c,c++,objc --enable-threads=posix --enable-multilib --enable-c99 --enable-long-long --enable-symvers=gnu --enable-libstdcxx-pch --program-prefix=arm-angstrom-linux-gnueabi- --disable-libssp --disable-libmudflap --with-float=soft --with-local-prefix=/home/build/internal-daily-build/build/testing/staging/arm-angstrom-linux-gnueabi/usr --with-gxx-include-dir=/home/build/internal-daily-build/build/testing/staging/arm-angstrom-linux-gnueabi//usr/include/c++ --with-sysroot=/usr/local/openmoko/arm/arm-angstrom-linux-gnueabi --with-build-time-tools=/home/build/internal-daily-build/build/testing/cross/arm-angstrom-linux-gnueabi/bin --with-build-sysroot=/home/build/internal-daily-build/build/testing/staging/arm-angstrom-linux-gnueabi --disable-libunwind-exceptions --with-mpfr=/home/build/internal-daily-build/build/testing/staging/x86_64-linux/usr --enable-__cxa_atexit
Thread model: posix
gcc version 4.1.2
configure:4902: $? = 0
configure:4909: ccache arm-angstrom-linux-gnueabi-gcc -march=armv4t -mtune=arm920t -V >&5
arm-angstrom-linux-gnueabi-gcc: '-V' must come at the start of the command line
configure:4913: $? = 1
configure:4916: checking whether we are using the GNU C compiler
configure:4969: result: yes
configure:4978: checking whether ccache arm-angstrom-linux-gnueabi-gcc -march=armv4t -mtune=arm920t accepts -g
configure:5116: result: yes
configure:5133: checking for ccache arm-angstrom-linux-gnueabi-gcc -march=armv4t -mtune=arm920t option to accept ISO C89
configure:5237: result: none needed
configure:5257: checking dependency style of ccache arm-angstrom-linux-gnueabi-gcc -march=armv4t -mtune=arm920t
configure:5348: result: gcc3
configure:5371: checking how to run the C preprocessor
configure:5489: result: arm-angstrom-linux-gnueabi-gcc -E
configure:5518: arm-angstrom-linux-gnueabi-gcc -E -isystem/usr/local/openmoko/arm/arm-angstrom-linux-gnueabi/include conftest.c
configure:5525: $? = 0
configure:5556: arm-angstrom-linux-gnueabi-gcc -E -isystem/usr/local/openmoko/arm/arm-angstrom-linux-gnueabi/include conftest.c
conftest.c:10:28: error: ac_nonexistent.h: No such file or directory
configure:5563: $? = 1
configure: failed program was:
| /* confdefs.h.  */
| #define PACKAGE_NAME "tasks"
| #define PACKAGE_TARNAME "tasks"
| #define PACKAGE_VERSION "0.10"
| #define PACKAGE_STRING "tasks 0.10"
| #define PACKAGE_BUGREPORT ""
| #define PACKAGE "tasks"
| #define VERSION "0.10"
| /* end confdefs.h.  */
| #include <ac_nonexistent.h>
configure:5603: checking for grep that handles long lines and -e
configure:5663: result: /bin/grep
configure:5668: checking for egrep
configure:5732: result: /bin/grep -E
configure:5737: checking for ANSI C header files
configure:5767: ccache arm-angstrom-linux-gnueabi-gcc -march=armv4t -mtune=arm920t -c -isystem/usr/local/openmoko/arm/arm-angstrom-linux-gnueabi/include -fexpensive-optimizations -fomit-frame-pointer -frename-registers -O2 -isystem/usr/local/openmoko/arm/arm-angstrom-linux-gnueabi/include conftest.c >&5
configure:5774: $? = 0
configure:5905: result: yes
configure:5940: checking for sys/types.h
configure:5961: ccache arm-angstrom-linux-gnueabi-gcc -march=armv4t -mtune=arm920t -c -isystem/usr/local/openmoko/arm/arm-angstrom-linux-gnueabi/include -fexpensive-optimizations -fomit-frame-pointer -frename-registers -O2 -isystem/usr/local/openmoko/arm/arm-angstrom-linux-gnueabi/include conftest.c >&5
configure:5968: $? = 0
configure:5985: result: yes
configure:5940: checking for sys/stat.h
configure:5961: ccache arm-angstrom-linux-gnueabi-gcc -march=armv4t -mtune=arm920t -c -isystem/usr/local/openmoko/arm/arm-angstrom-linux-gnueabi/include -fexpensive-optimizations -fomit-frame-pointer -frename-registers -O2 -isystem/usr/local/openmoko/arm/arm-angstrom-linux-gnueabi/include conftest.c >&5
configure:5968: $? = 0
configure:5985: result: yes
configure:5940: checking for stdlib.h
configure:5961: ccache arm-angstrom-linux-gnueabi-gcc -march=armv4t -mtune=arm920t -c -isystem/usr/local/openmoko/arm/arm-angstrom-linux-gnueabi/include -fexpensive-optimizations -fomit-frame-pointer -frename-registers -O2 -isystem/usr/local/openmoko/arm/arm-angstrom-linux-gnueabi/include conftest.c >&5
configure:5968: $? = 0
configure:5985: result: yes
configure:5940: checking for string.h
configure:5961: ccache arm-angstrom-linux-gnueabi-gcc -march=armv4t -mtune=arm920t -c -isystem/usr/local/openmoko/arm/arm-angstrom-linux-gnueabi/include -fexpensive-optimizations -fomit-frame-pointer -frename-registers -O2 -isystem/usr/local/openmoko/arm/arm-angstrom-linux-gnueabi/include conftest.c >&5
configure:5968: $? = 0
configure:5985: result: yes
configure:5940: checking for memory.h
configure:5961: ccache arm-angstrom-linux-gnueabi-gcc -march=armv4t -mtune=arm920t -c -isystem/usr/local/openmoko/arm/arm-angstrom-linux-gnueabi/include -fexpensive-optimizations -fomit-frame-pointer -frename-registers -O2 -isystem/usr/local/openmoko/arm/arm-angstrom-linux-gnueabi/include conftest.c >&5
configure:5968: $? = 0
configure:5985: result: yes
configure:5940: checking for strings.h
configure:5961: ccache arm-angstrom-linux-gnueabi-gcc -march=armv4t -mtune=arm920t -c -isystem/usr/local/openmoko/arm/arm-angstrom-linux-gnueabi/include -fexpensive-optimizations -fomit-frame-pointer -frename-registers -O2 -isystem/usr/local/openmoko/arm/arm-angstrom-linux-gnueabi/include conftest.c >&5
configure:5968: $? = 0
configure:5985: result: yes
configure:5940: checking for inttypes.h
configure:5961: ccache arm-angstrom-linux-gnueabi-gcc -march=armv4t -mtune=arm920t -c -isystem/usr/local/openmoko/arm/arm-angstrom-linux-gnueabi/include -fexpensive-optimizations -fomit-frame-pointer -frename-registers -O2 -isystem/usr/local/openmoko/arm/arm-angstrom-linux-gnueabi/include conftest.c >&5
configure:5968: $? = 0
configure:5985: result: yes
configure:5940: checking for stdint.h
configure:5961: ccache arm-angstrom-linux-gnueabi-gcc -march=armv4t -mtune=arm920t -c -isystem/usr/local/openmoko/arm/arm-angstrom-linux-gnueabi/include -fexpensive-optimizations -fomit-frame-pointer -frename-registers -O2 -isystem/usr/local/openmoko/arm/arm-angstrom-linux-gnueabi/include conftest.c >&5
configure:5968: $? = 0
configure:5985: result: yes
configure:5940: checking for unistd.h
configure:5961: ccache arm-angstrom-linux-gnueabi-gcc -march=armv4t -mtune=arm920t -c -isystem/usr/local/openmoko/arm/arm-angstrom-linux-gnueabi/include -fexpensive-optimizations -fomit-frame-pointer -frename-registers -O2 -isystem/usr/local/openmoko/arm/arm-angstrom-linux-gnueabi/include conftest.c >&5
configure:5968: $? = 0
configure:5985: result: yes
configure:6016: checking locale.h usability
configure:6033: ccache arm-angstrom-linux-gnueabi-gcc -march=armv4t -mtune=arm920t -c -isystem/usr/local/openmoko/arm/arm-angstrom-linux-gnueabi/include -fexpensive-optimizations -fomit-frame-pointer -frename-registers -O2 -isystem/usr/local/openmoko/arm/arm-angstrom-linux-gnueabi/include conftest.c >&5
configure:6040: $? = 0
configure:6054: result: yes
configure:6058: checking locale.h presence
configure:6073: arm-angstrom-linux-gnueabi-gcc -E -isystem/usr/local/openmoko/arm/arm-angstrom-linux-gnueabi/include conftest.c
configure:6080: $? = 0
configure:6094: result: yes
configure:6122: checking for locale.h
configure:6131: result: yes
configure:6147: checking for LC_MESSAGES
configure:6173: ccache arm-angstrom-linux-gnueabi-gcc -march=armv4t -mtune=arm920t -o conftest -isystem/usr/local/openmoko/arm/arm-angstrom-linux-gnueabi/include -fexpensive-optimizations -fomit-frame-pointer -frename-registers -O2 -isystem/usr/local/openmoko/arm/arm-angstrom-linux-gnueabi/include -L/usr/local/openmoko/arm/arm-angstrom-linux-gnueabi/lib -Wl,-rpath-link,/usr/local/openmoko/arm/arm-angstrom-linux-gnueabi/lib -Wl,-O1 conftest.c  >&5
configure:6180: $? = 0
configure:6200: result: yes
configure:6229: checking libintl.h usability
configure:6246: ccache arm-angstrom-linux-gnueabi-gcc -march=armv4t -mtune=arm920t -c -isystem/usr/local/openmoko/arm/arm-angstrom-linux-gnueabi/include -fexpensive-optimizations -fomit-frame-pointer -frename-registers -O2 -isystem/usr/local/openmoko/arm/arm-angstrom-linux-gnueabi/include conftest.c >&5
configure:6253: $? = 0
configure:6267: result: yes
configure:6271: checking libintl.h presence
configure:6286: arm-angstrom-linux-gnueabi-gcc -E -isystem/usr/local/openmoko/arm/arm-angstrom-linux-gnueabi/include conftest.c
configure:6293: $? = 0
configure:6307: result: yes
configure:6335: checking for libintl.h
configure:6342: result: yes
configure:6353: checking for ngettext in libc
configure:6381: ccache arm-angstrom-linux-gnueabi-gcc -march=armv4t -mtune=arm920t -o conftest -isystem/usr/local/openmoko/arm/arm-angstrom-linux-gnueabi/include -fexpensive-optimizations -fomit-frame-pointer -frename-registers -O2 -isystem/usr/local/openmoko/arm/arm-angstrom-linux-gnueabi/include -L/usr/local/openmoko/arm/arm-angstrom-linux-gnueabi/lib -Wl,-rpath-link,/usr/local/openmoko/arm/arm-angstrom-linux-gnueabi/lib -Wl,-O1 conftest.c  >&5
configure:6388: $? = 0
configure:6409: result: yes
configure:6413: checking for dgettext in libc
configure:6441: ccache arm-angstrom-linux-gnueabi-gcc -march=armv4t -mtune=arm920t -o conftest -isystem/usr/local/openmoko/arm/arm-angstrom-linux-gnueabi/include -fexpensive-optimizations -fomit-frame-pointer -frename-registers -O2 -isystem/usr/local/openmoko/arm/arm-angstrom-linux-gnueabi/include -L/usr/local/openmoko/arm/arm-angstrom-linux-gnueabi/lib -Wl,-rpath-link,/usr/local/openmoko/arm/arm-angstrom-linux-gnueabi/lib -Wl,-O1 conftest.c  >&5
configure:6448: $? = 0
configure:6469: result: yes
configure:6478: checking for bind_textdomain_codeset
configure:6534: ccache arm-angstrom-linux-gnueabi-gcc -march=armv4t -mtune=arm920t -o conftest -isystem/usr/local/openmoko/arm/arm-angstrom-linux-gnueabi/include -fexpensive-optimizations -fomit-frame-pointer -frename-registers -O2 -isystem/usr/local/openmoko/arm/arm-angstrom-linux-gnueabi/include -L/usr/local/openmoko/arm/arm-angstrom-linux-gnueabi/lib -Wl,-rpath-link,/usr/local/openmoko/arm/arm-angstrom-linux-gnueabi/lib -Wl,-O1 conftest.c  >&5
configure:6541: $? = 0
configure:6563: result: yes
configure:7079: checking for msgfmt
configure:7106: result: /usr/bin/msgfmt
configure:7119: checking for dcgettext
configure:7175: ccache arm-angstrom-linux-gnueabi-gcc -march=armv4t -mtune=arm920t -o conftest -isystem/usr/local/openmoko/arm/arm-angstrom-linux-gnueabi/include -fexpensive-optimizations -fomit-frame-pointer -frename-registers -O2 -isystem/usr/local/openmoko/arm/arm-angstrom-linux-gnueabi/include -L/usr/local/openmoko/arm/arm-angstrom-linux-gnueabi/lib -Wl,-rpath-link,/usr/local/openmoko/arm/arm-angstrom-linux-gnueabi/lib -Wl,-O1 conftest.c   >&5
conftest.c:48: warning: conflicting types for built-in function 'dcgettext'
configure:7182: $? = 0
configure:7204: result: yes
configure:7217: checking if msgfmt accepts -c
configure:7232: $MSGFMT -c -o /dev/null conftest.foo
configure:7235: $? = 0
configure:7237: result: yes
configure:7247: checking for gmsgfmt
configure:7278: result: /usr/bin/msgfmt
configure:7288: checking for xgettext
configure:7315: result: /usr/bin/xgettext
configure:7344: ccache arm-angstrom-linux-gnueabi-gcc -march=armv4t -mtune=arm920t -o conftest -isystem/usr/local/openmoko/arm/arm-angstrom-linux-gnueabi/include -fexpensive-optimizations -fomit-frame-pointer -frename-registers -O2 -isystem/usr/local/openmoko/arm/arm-angstrom-linux-gnueabi/include -L/usr/local/openmoko/arm/arm-angstrom-linux-gnueabi/lib -Wl,-rpath-link,/usr/local/openmoko/arm/arm-angstrom-linux-gnueabi/lib -Wl,-O1 conftest.c   >&5
configure:7351: $? = 0
configure:7585: checking whether NLS is requested
configure:7594: result: yes
configure:7611: checking for intltool >= 0.35.0
configure:7618: result: 0.40.6 found
configure:7628: checking for intltool-update
configure:7646: found /usr/bin/intltool-update
configure:7658: result: /usr/bin/intltool-update
configure:7668: checking for intltool-merge
configure:7686: found /usr/bin/intltool-merge
configure:7698: result: /usr/bin/intltool-merge
configure:7708: checking for intltool-extract
configure:7726: found /usr/bin/intltool-extract
configure:7738: result: /usr/bin/intltool-extract
configure:7871: checking for xgettext
configure:7901: result: /usr/bin/xgettext
configure:7911: checking for msgmerge
configure:7929: found /usr/bin/msgmerge
configure:7941: result: /usr/bin/msgmerge
configure:7951: checking for msgfmt
configure:7981: result: /usr/bin/msgfmt
configure:7991: checking for gmsgfmt
configure:8022: result: /usr/bin/msgfmt
configure:8046: checking for perl
configure:8064: found /usr/bin/perl
configure:8076: result: /usr/bin/perl
configure:8089: checking for perl >= 5.8.1
configure:8098: result: 5.10.0
configure:8102: checking for XML::Parser
configure:8105: result: ok
configure:8305: checking build system type
configure:8323: result: x86_64-unknown-linux-gnu
configure:8345: checking host system type
configure:8360: result: arm-angstrom-linux-gnueabi
configure:8382: checking for a sed that does not truncate output
configure:8448: result: /bin/sed
configure:8466: checking for fgrep
configure:8530: result: /bin/grep -F
configure:8565: checking for ld used by ccache arm-angstrom-linux-gnueabi-gcc -march=armv4t -mtune=arm920t
configure:8632: result: arm-angstrom-linux-gnueabi-ld
configure:8641: checking if the linker (arm-angstrom-linux-gnueabi-ld) is GNU ld
configure:8656: result: yes
configure:8668: checking for BSD- or MS-compatible name lister (nm)
configure:8717: result: /usr/local/openmoko/arm/bin/arm-angstrom-linux-gnueabi-nm -B
configure:8835: checking the name lister (/usr/local/openmoko/arm/bin/arm-angstrom-linux-gnueabi-nm -B) interface
configure:8842: ccache arm-angstrom-linux-gnueabi-gcc -march=armv4t -mtune=arm920t -c -isystem/usr/local/openmoko/arm/arm-angstrom-linux-gnueabi/include -fexpensive-optimizations -fomit-frame-pointer -frename-registers -O2 -isystem/usr/local/openmoko/arm/arm-angstrom-linux-gnueabi/include conftest.c >&5
configure:8845: /usr/local/openmoko/arm/bin/arm-angstrom-linux-gnueabi-nm -B "conftest.o"
configure:8848: output
00000000 B some_variable
configure:8855: result: BSD nm
configure:8858: checking whether ln -s works
configure:8862: result: yes
configure:8870: checking the maximum length of command line arguments
configure:8990: result: 1572864
configure:9007: checking whether the shell understands some XSI constructs
configure:9017: result: yes
configure:9021: checking whether the shell understands "+="
configure:9027: result: yes
configure:9062: checking for arm-angstrom-linux-gnueabi-ld option to reload object files
configure:9069: result: -r
configure:9098: checking for arm-angstrom-linux-gnueabi-objdump
configure:9125: result: arm-angstrom-linux-gnueabi-objdump
configure:9197: checking how to recognize dependent libraries
configure:9393: result: pass_all
configure:9413: checking for arm-angstrom-linux-gnueabi-ar
configure:9440: result: arm-angstrom-linux-gnueabi-ar
configure:9518: checking for arm-angstrom-linux-gnueabi-strip
configure:9545: result: arm-angstrom-linux-gnueabi-strip
configure:9617: checking for arm-angstrom-linux-gnueabi-ranlib
configure:9644: result: arm-angstrom-linux-gnueabi-ranlib
configure:9774: checking command to parse /usr/local/openmoko/arm/bin/arm-angstrom-linux-gnueabi-nm -B output from ccache arm-angstrom-linux-gnueabi-gcc -march=armv4t -mtune=arm920t object
configure:9892: ccache arm-angstrom-linux-gnueabi-gcc -march=armv4t -mtune=arm920t -c -isystem/usr/local/openmoko/arm/arm-angstrom-linux-gnueabi/include -fexpensive-optimizations -fomit-frame-pointer -frename-registers -O2 -isystem/usr/local/openmoko/arm/arm-angstrom-linux-gnueabi/include conftest.c >&5
configure:9895: $? = 0
configure:9899: /usr/local/openmoko/arm/bin/arm-angstrom-linux-gnueabi-nm -B conftest.o \| sed -n -e 's/^.*[	 ]\([ABCDGIRSTW][ABCDGIRSTW]*\)[	 ][	 ]*\([_A-Za-z][_A-Za-z0-9]*\)$/\1 \2 \2/p' \> conftest.nm
configure:9902: $? = 0
configure:9956: ccache arm-angstrom-linux-gnueabi-gcc -march=armv4t -mtune=arm920t -o conftest -isystem/usr/local/openmoko/arm/arm-angstrom-linux-gnueabi/include -fexpensive-optimizations -fomit-frame-pointer -frename-registers -O2 -isystem/usr/local/openmoko/arm/arm-angstrom-linux-gnueabi/include -L/usr/local/openmoko/arm/arm-angstrom-linux-gnueabi/lib -Wl,-rpath-link,/usr/local/openmoko/arm/arm-angstrom-linux-gnueabi/lib -Wl,-O1 conftest.c conftstm.o >&5
configure:9959: $? = 0
configure:9997: result: ok
configure:10862: checking for dlfcn.h
configure:10883: ccache arm-angstrom-linux-gnueabi-gcc -march=armv4t -mtune=arm920t -c -isystem/usr/local/openmoko/arm/arm-angstrom-linux-gnueabi/include -fexpensive-optimizations -fomit-frame-pointer -frename-registers -O2 -isystem/usr/local/openmoko/arm/arm-angstrom-linux-gnueabi/include conftest.c >&5
configure:10890: $? = 0
configure:10907: result: yes
configure:11093: checking for objdir
configure:11108: result: .libs
configure:11400: checking if ccache arm-angstrom-linux-gnueabi-gcc -march=armv4t -mtune=arm920t supports -fno-rtti -fno-exceptions
configure:11418: ccache arm-angstrom-linux-gnueabi-gcc -march=armv4t -mtune=arm920t -c -isystem/usr/local/openmoko/arm/arm-angstrom-linux-gnueabi/include -fexpensive-optimizations -fomit-frame-pointer -frename-registers -O2 -isystem/usr/local/openmoko/arm/arm-angstrom-linux-gnueabi/include -fno-rtti -fno-exceptions conftest.c >&5
cc1: warning: command line option "-fno-rtti" is valid for C++/ObjC++ but not for C
cc1: warning: command line option "-fno-rtti" is valid for C++/ObjC++ but not for C
configure:11422: $? = 0
configure:11435: result: no
configure:11455: checking for ccache arm-angstrom-linux-gnueabi-gcc -march=armv4t -mtune=arm920t option to produce PIC
configure:11727: result: -fPIC -DPIC
configure:11739: checking if ccache arm-angstrom-linux-gnueabi-gcc -march=armv4t -mtune=arm920t PIC flag -fPIC -DPIC works
configure:11757: ccache arm-angstrom-linux-gnueabi-gcc -march=armv4t -mtune=arm920t -c -isystem/usr/local/openmoko/arm/arm-angstrom-linux-gnueabi/include -fexpensive-optimizations -fomit-frame-pointer -frename-registers -O2 -isystem/usr/local/openmoko/arm/arm-angstrom-linux-gnueabi/include -fPIC -DPIC -DPIC conftest.c >&5
configure:11761: $? = 0
configure:11774: result: yes
configure:11798: checking if ccache arm-angstrom-linux-gnueabi-gcc -march=armv4t -mtune=arm920t static flag -static works
configure:11826: result: yes
configure:11841: checking if ccache arm-angstrom-linux-gnueabi-gcc -march=armv4t -mtune=arm920t supports -c -o file.o
configure:11862: ccache arm-angstrom-linux-gnueabi-gcc -march=armv4t -mtune=arm920t -c -isystem/usr/local/openmoko/arm/arm-angstrom-linux-gnueabi/include -fexpensive-optimizations -fomit-frame-pointer -frename-registers -O2 -isystem/usr/local/openmoko/arm/arm-angstrom-linux-gnueabi/include -o out/conftest2.o conftest.c >&5
configure:11866: $? = 0
configure:11888: result: yes
configure:11896: checking if ccache arm-angstrom-linux-gnueabi-gcc -march=armv4t -mtune=arm920t supports -c -o file.o
configure:11943: result: yes
configure:11976: checking whether the ccache arm-angstrom-linux-gnueabi-gcc -march=armv4t -mtune=arm920t linker (arm-angstrom-linux-gnueabi-ld) supports shared libraries
configure:13051: result: yes
configure:13088: checking whether -lc should be explicitly linked in
configure:13093: ccache arm-angstrom-linux-gnueabi-gcc -march=armv4t -mtune=arm920t -c -isystem/usr/local/openmoko/arm/arm-angstrom-linux-gnueabi/include -fexpensive-optimizations -fomit-frame-pointer -frename-registers -O2 -isystem/usr/local/openmoko/arm/arm-angstrom-linux-gnueabi/include conftest.c >&5
configure:13096: $? = 0
configure:13111: ccache arm-angstrom-linux-gnueabi-gcc -march=armv4t -mtune=arm920t -shared conftest.o  -v -Wl,-soname -Wl,conftest -o conftest 2\>\&1 \| /bin/grep  -lc  \>/dev/null 2\>\&1
configure:13114: $? = 0
configure:13126: result: no
configure:13290: checking dynamic linker characteristics
configure:13733: ccache arm-angstrom-linux-gnueabi-gcc -march=armv4t -mtune=arm920t -o conftest -isystem/usr/local/openmoko/arm/arm-angstrom-linux-gnueabi/include -fexpensive-optimizations -fomit-frame-pointer -frename-registers -O2 -isystem/usr/local/openmoko/arm/arm-angstrom-linux-gnueabi/include -L/usr/local/openmoko/arm/arm-angstrom-linux-gnueabi/lib -Wl,-rpath-link,/usr/local/openmoko/arm/arm-angstrom-linux-gnueabi/lib -Wl,-O1 -Wl,-rpath -Wl,/foo conftest.c  >&5
configure:13740: $? = 0
configure:13985: result: GNU/Linux ld.so
configure:14087: checking how to hardcode library paths into programs
configure:14112: result: immediate
configure:14945: checking whether stripping libraries is possible
configure:14950: result: yes
configure:14985: checking if libtool supports shared libraries
configure:14987: result: yes
configure:14990: checking whether to build shared libraries
configure:15011: result: yes
configure:15014: checking whether to build static libraries
configure:15018: result: yes
configure:15062: checking for arm-angstrom-linux-gnueabi-pkg-config
configure:15095: result: no
configure:15105: checking for pkg-config
configure:15123: found /usr/local/openmoko/arm/bin/pkg-config
configure:15135: result: /usr/local/openmoko/arm/bin/pkg-config
configure:15147: WARNING: using cross tools not prefixed with host triplet
configure:15160: checking pkg-config is at least version 0.9.0
configure:15163: result: yes
configure:15174: checking for TASKS
configure:15182: $PKG_CONFIG --exists --print-errors "elementary eina-0 dbus-1 sqlite3"
configure:15185: $? = 0
configure:15200: $PKG_CONFIG --exists --print-errors "elementary eina-0 dbus-1 sqlite3"
configure:15203: $? = 0
configure:15281: result: yes
configure:15432: creating ./config.status

## ---------------------- ##
## Running config.status. ##
## ---------------------- ##

This file was extended by tasks config.status 0.10, which was
generated by GNU Autoconf 2.63.  Invocation command line was

  CONFIG_FILES    = 
  CONFIG_HEADERS  = 
  CONFIG_LINKS    = 
  CONFIG_COMMANDS = 
  $ ./config.status 

on ito-desktop

config.status:1061: creating Makefile
config.status:1061: creating src/Makefile
config.status:1061: creating po/Makefile.in
config.status:1061: creating config.h
config.status:1283: config.h is unchanged
config.status:1335: executing depfiles commands
config.status:1335: executing default-1 commands
config.status:1335: executing libtool commands
config.status:1335: executing po/stamp-it commands

## ---------------- ##
## Cache variables. ##
## ---------------- ##

ac_cv_af_unix_large_dgram=yes
ac_cv_build=x86_64-unknown-linux-gnu
ac_cv_c_bigendian=no
ac_cv_c_compiler_gnu=yes
ac_cv_c_littleendian=yes
ac_cv_check_sjlj=ssjlj
ac_cv_env_CC_set=set
ac_cv_env_CC_value='ccache arm-angstrom-linux-gnueabi-gcc -march=armv4t -mtune=arm920t'
ac_cv_env_CFLAGS_set=set
ac_cv_env_CFLAGS_value='-isystem/usr/local/openmoko/arm/arm-angstrom-linux-gnueabi/include -fexpensive-optimizations -fomit-frame-pointer -frename-registers -O2'
ac_cv_env_CPPFLAGS_set=set
ac_cv_env_CPPFLAGS_value=-isystem/usr/local/openmoko/arm/arm-angstrom-linux-gnueabi/include
ac_cv_env_CPP_set=set
ac_cv_env_CPP_value='arm-angstrom-linux-gnueabi-gcc -E'
ac_cv_env_LDFLAGS_set=set
ac_cv_env_LDFLAGS_value='-L/usr/local/openmoko/arm/arm-angstrom-linux-gnueabi/lib -Wl,-rpath-link,/usr/local/openmoko/arm/arm-angstrom-linux-gnueabi/lib -Wl,-O1'
ac_cv_env_LIBS_set=
ac_cv_env_LIBS_value=
ac_cv_env_PKG_CONFIG_set=
ac_cv_env_PKG_CONFIG_value=
ac_cv_env_TASKS_CFLAGS_set=
ac_cv_env_TASKS_CFLAGS_value=
ac_cv_env_TASKS_LIBS_set=
ac_cv_env_TASKS_LIBS_value=
ac_cv_env_build_alias_set=
ac_cv_env_build_alias_value=
ac_cv_env_host_alias_set=set
ac_cv_env_host_alias_value=arm-angstrom-linux-gnueabi
ac_cv_env_target_alias_set=
ac_cv_env_target_alias_value=
ac_cv_epoll_works=yes
ac_cv_file__dev_random=yes
ac_cv_file__dev_zero=yes
ac_cv_fread_reads_directories=yes
ac_cv_func___va_copy=yes
ac_cv_func_bind_textdomain_codeset=yes
ac_cv_func_dcgettext=yes
ac_cv_func_getpagesize=yes
ac_cv_func_getpgrp_void=yes
ac_cv_func_getpwuid_r=yes
ac_cv_func_lstat_dereferences_slashed_symlink=yes
ac_cv_func_lstat_empty_string_bug=no
ac_cv_func_malloc_0_nonnull=yes
ac_cv_func_memcmp_working=yes
ac_cv_func_memcpy=yes
ac_cv_func_mmap_fixed_mapped=yes
ac_cv_func_posix_getpwnam_r=yes
ac_cv_func_posix_getpwuid_r=yes
ac_cv_func_printf_unix98=yes
ac_cv_func_pthread_attr_getstack=yes
ac_cv_func_setpgrp_void=yes
ac_cv_func_setresuid=yes
ac_cv_func_setvbuf_reversed=no
ac_cv_func_snprintf_c99=yes
ac_cv_func_stat_empty_string_bug=no
ac_cv_func_stat_ignores_trailing_slash=no
ac_cv_func_strerror=yes
ac_cv_func_va_copy=yes
ac_cv_func_vsnprintf_c99=yes
ac_cv_have_abstract_sockets=yes
ac_cv_have_decl_sys_siglist=yes
ac_cv_header_dlfcn_h=yes
ac_cv_header_inttypes_h=yes
ac_cv_header_libintl_h=yes
ac_cv_header_locale_h=yes
ac_cv_header_memory_h=yes
ac_cv_header_stdc=yes
ac_cv_header_stdint_h=yes
ac_cv_header_stdlib_h=yes
ac_cv_header_string_h=yes
ac_cv_header_strings_h=yes
ac_cv_header_sys_stat_h=yes
ac_cv_header_sys_types_h=yes
ac_cv_header_unistd_h=yes
ac_cv_host=arm-angstrom-linux-gnueabi
ac_cv_lib_m_sin=yes
ac_cv_libnet_endianess=lil
ac_cv_linux_vers=2
ac_cv_need_trio=no
ac_cv_objext=o
ac_cv_path_EGREP='/bin/grep -E'
ac_cv_path_FGREP='/bin/grep -F'
ac_cv_path_GMSGFMT=/usr/bin/msgfmt
ac_cv_path_GREP=/bin/grep
ac_cv_path_INTLTOOL_EXTRACT=/usr/bin/intltool-extract
ac_cv_path_INTLTOOL_MERGE=/usr/bin/intltool-merge
ac_cv_path_INTLTOOL_PERL=/usr/bin/perl
ac_cv_path_INTLTOOL_UPDATE=/usr/bin/intltool-update
ac_cv_path_MSGFMT=/usr/bin/msgfmt
ac_cv_path_MSGMERGE=/usr/bin/msgmerge
ac_cv_path_SED=/bin/sed
ac_cv_path_XGETTEXT=/usr/bin/xgettext
ac_cv_path_ac_pt_PKG_CONFIG=/usr/local/openmoko/arm/bin/pkg-config
ac_cv_path_install='/usr/bin/install -c'
ac_cv_path_mkdir=/bin/mkdir
ac_cv_prog_AR=arm-angstrom-linux-gnueabi-ar
ac_cv_prog_AWK=mawk
ac_cv_prog_CC='ccache arm-angstrom-linux-gnueabi-gcc -march=armv4t -mtune=arm920t'
ac_cv_prog_CPP='arm-angstrom-linux-gnueabi-gcc -E'
ac_cv_prog_OBJDUMP=arm-angstrom-linux-gnueabi-objdump
ac_cv_prog_RANLIB=arm-angstrom-linux-gnueabi-ranlib
ac_cv_prog_STRIP=arm-angstrom-linux-gnueabi-strip
ac_cv_prog_cc_c89=
ac_cv_prog_cc_g=yes
ac_cv_prog_make_make_set=yes
ac_cv_search_strerror='none required'
ac_cv_sizeof___int64=0
ac_cv_sizeof_char=1
ac_cv_sizeof_int=4
ac_cv_sizeof_long=8
ac_cv_sizeof_long_double=16
ac_cv_sizeof_long_int=8
ac_cv_sizeof_long_long=8
ac_cv_sizeof_off_t=8
ac_cv_sizeof_short=2
ac_cv_sizeof_short_int=2
ac_cv_sizeof_size_t=8
ac_cv_sizeof_void_p=8
ac_cv_strerror_r_SUSv3=no
ac_cv_type_uid_t='{ac_cv_type_uid_t=yes}'
am_cv_CC_dependencies_compiler_type=gcc3
am_cv_func_working_getline=yes
am_cv_prog_cc_stdc=
am_cv_scanf_lld=yes
am_cv_val_LC_MESSAGES=yes
bash_cv_have_mbstate_t=yes
bash_cv_sys_siglist=yes
bash_cv_under_sys_siglist=yes
db_cv_align_t='unsigned long long'
db_cv_alignp_t='unsigned long long'
db_cv_fcntl_f_setfd=yes
db_cv_mutex=POSIX/pthreads/library
db_cv_path_ar=/usr/bin/ar
db_cv_path_chmod=/bin/chmod
db_cv_path_cp=/bin/cp
db_cv_path_ln=/bin/ln
db_cv_path_mkdir=/bin/mkdir
db_cv_path_ranlib=/usr/bin/ranlib
db_cv_path_rm=/bin/rm
db_cv_path_sh=/bin/sh
db_cv_path_strip=/usr/bin/strip
db_cv_posixmutexes=no
db_cv_sprintf_count=yes
db_cv_uimutexes=no
glib_cv___va_copy=yes
glib_cv_compliant_posix_memalign=1
glib_cv_has__inline=yes
glib_cv_has__inline__=yes
glib_cv_hasinline=yes
glib_cv_long_long_format=ll
glib_cv_rtldglobal_broken=yes
glib_cv_sane_realloc=yes
glib_cv_sizeof_gmutex=40
glib_cv_sizeof_intmax_t=8
glib_cv_sizeof_ptrdiff_t=8
glib_cv_sizeof_size_t=8
glib_cv_sizeof_system_thread=8
glib_cv_stack_grows=no
glib_cv_strlcpy=no
glib_cv_sys_pthread_cond_timedwait_posix=yes
glib_cv_sys_pthread_getspecific_posix=yes
glib_cv_sys_pthread_mutex_trylock_posix=yes
glib_cv_uscore=no
glib_cv_va_copy=yes
glib_cv_va_val_copy=no
gt_cv_func_dgettext_libc=yes
gt_cv_func_dgettext_libintl=no
gt_cv_func_ngettext_libc=yes
gt_cv_have_gettext=yes
lftp_cv_va_copy=yes
lt_cv_deplibs_check_method=pass_all
lt_cv_file_magic_cmd='$MAGIC_CMD'
lt_cv_file_magic_test_file=
lt_cv_ld_reload_flag=-r
lt_cv_nm_interface='BSD nm'
lt_cv_objdir=.libs
lt_cv_path_LD=arm-angstrom-linux-gnueabi-ld
lt_cv_path_NM='/usr/local/openmoko/arm/bin/arm-angstrom-linux-gnueabi-nm -B'
lt_cv_prog_compiler_c_o=yes
lt_cv_prog_compiler_pic_works=yes
lt_cv_prog_compiler_rtti_exceptions=no
lt_cv_prog_compiler_static_works=yes
lt_cv_prog_gnu_ld=yes
lt_cv_sys_global_symbol_pipe='sed -n -e '\''s/^.*[	 ]\([ABCDGIRSTW][ABCDGIRSTW]*\)[	 ][	 ]*\([_A-Za-z][_A-Za-z0-9]*\)$/\1 \2 \2/p'\'''
lt_cv_sys_global_symbol_to_c_name_address='sed -n -e '\''s/^: \([^ ]*\) $/  {\"\1\", (void *) 0},/p'\'' -e '\''s/^[ABCDGIRSTW]* \([^ ]*\) \([^ ]*\)$/  {"\2", (void *) \&\2},/p'\'''
lt_cv_sys_global_symbol_to_c_name_address_lib_prefix='sed -n -e '\''s/^: \([^ ]*\) $/  {\"\1\", (void *) 0},/p'\'' -e '\''s/^[ABCDGIRSTW]* \([^ ]*\) \(lib[^ ]*\)$/  {"\2", (void *) \&\2},/p'\'' -e '\''s/^[ABCDGIRSTW]* \([^ ]*\) \([^ ]*\)$/  {"lib\2", (void *) \&\2},/p'\'''
lt_cv_sys_global_symbol_to_cdecl='sed -n -e '\''s/^T .* \(.*\)$/extern int \1();/p'\'' -e '\''s/^[ABCDGIRSTW]* .* \(.*\)$/extern char \1;/p'\'''
lt_cv_sys_max_cmd_len=1572864
mono_cv_uscore=no
mr_cv_target_elf=yes
nano_cv_func_regexec_segv_emptystr=no
pkg_cv_TASKS_CFLAGS='-I/usr/local/openmoko/arm/arm-angstrom-linux-gnueabi/usr/include/elementary -I/usr/local/openmoko/arm/arm-angstrom-linux-gnueabi/usr/include/eina-0 -I/usr/local/openmoko/arm/arm-angstrom-linux-gnueabi/usr/include/eina-0/eina -I/usr/local/openmoko/arm/arm-angstrom-linux-gnueabi/usr/include/dbus-1.0 -I/usr/local/openmoko/arm/arm-angstrom-linux-gnueabi/usr/lib/dbus-1.0/include  '
pkg_cv_TASKS_LIBS='-lelementary -lehal -ledje -lecore_file -lecore_evas -ledbus -lembryo -lecore_job -leet -lgnutls -lcurl -lecore_fb -lecore_x -lecore_input -lecore_txt -levas -lecore -lssl -lcrypto -leina -ldbus-1 -lsqlite3  '
rd_cv_ieee_works=yes
samba_cv_HAVE_VA_COPY=yes
screen_cv_sys_bcopy_overlap=no
screen_cv_sys_fifo_broken_impl=yes
screen_cv_sys_fifo_usable=yes
screen_cv_sys_memcpy_overlap=no
screen_cv_sys_memmove_overlap=no
screen_cv_sys_select_broken_retval=no
screen_cv_sys_sockets_nofs=no
screen_cv_sys_sockets_usable=yes
screen_cv_sys_terminfo_used=yes
utils_cv_sys_open_max=1015

## ----------------- ##
## Output variables. ##
## ----------------- ##

ACLOCAL='${SHELL} /home/ito/workspace/e-tasks/missing --run aclocal-1.10'
ALL_LINGUAS=''
AMDEPBACKSLASH='\'
AMDEP_FALSE='#'
AMDEP_TRUE=''
AMTAR='${SHELL} /home/ito/workspace/e-tasks/missing --run tar'
AR='arm-angstrom-linux-gnueabi-ar'
AUTOCONF='${SHELL} /home/ito/workspace/e-tasks/missing --run autoconf'
AUTOHEADER='${SHELL} /home/ito/workspace/e-tasks/missing --run autoheader'
AUTOMAKE='${SHELL} /home/ito/workspace/e-tasks/missing --run automake-1.10'
AWK='mawk'
CATALOGS=''
CATOBJEXT='.gmo'
CC='ccache arm-angstrom-linux-gnueabi-gcc -march=armv4t -mtune=arm920t'
CCDEPMODE='depmode=gcc3'
CFLAGS='-isystem/usr/local/openmoko/arm/arm-angstrom-linux-gnueabi/include -fexpensive-optimizations -fomit-frame-pointer -frename-registers -O2'
CPP='arm-angstrom-linux-gnueabi-gcc -E'
CPPFLAGS='-isystem/usr/local/openmoko/arm/arm-angstrom-linux-gnueabi/include'
CYGPATH_W='echo'
DATADIRNAME='share'
DEFS='-DHAVE_CONFIG_H'
DEPDIR='.deps'
DSYMUTIL=''
DUMPBIN=''
ECHO_C=''
ECHO_N='-n'
ECHO_T=''
EGREP='/bin/grep -E'
EXEEXT=''
FGREP='/bin/grep -F'
GETTEXT_PACKAGE='tasks'
GMOFILES=''
GMSGFMT='/usr/bin/msgfmt'
GREP='/bin/grep'
INSTALL_DATA='${INSTALL} -m 644'
INSTALL_PROGRAM='${INSTALL}'
INSTALL_SCRIPT='${INSTALL}'
INSTALL_STRIP_PROGRAM='$(install_sh) -c -s'
INSTOBJEXT='.mo'
INTLLIBS=''
INTLTOOL_CAVES_RULE='%.caves:     %.caves.in     $(INTLTOOL_MERGE) $(wildcard $(top_srcdir)/po/*.po) ; LC_ALL=C $(INTLTOOL_MERGE) -d -u -c $(top_builddir)/po/.intltool-merge-cache $(top_srcdir)/po $< $@'
INTLTOOL_DESKTOP_RULE='%.desktop:   %.desktop.in   $(INTLTOOL_MERGE) $(wildcard $(top_srcdir)/po/*.po) ; LC_ALL=C $(INTLTOOL_MERGE) -d -u -c $(top_builddir)/po/.intltool-merge-cache $(top_srcdir)/po $< $@'
INTLTOOL_DIRECTORY_RULE='%.directory: %.directory.in $(INTLTOOL_MERGE) $(wildcard $(top_srcdir)/po/*.po) ; LC_ALL=C $(INTLTOOL_MERGE) -d -u -c $(top_builddir)/po/.intltool-merge-cache $(top_srcdir)/po $< $@'
INTLTOOL_EXTRACT='/usr/bin/intltool-extract'
INTLTOOL_KBD_RULE='%.kbd:       %.kbd.in       $(INTLTOOL_MERGE) $(wildcard $(top_srcdir)/po/*.po) ; LC_ALL=C $(INTLTOOL_MERGE) -x -u -m -c $(top_builddir)/po/.intltool-merge-cache $(top_srcdir)/po $< $@'
INTLTOOL_KEYS_RULE='%.keys:      %.keys.in      $(INTLTOOL_MERGE) $(wildcard $(top_srcdir)/po/*.po) ; LC_ALL=C $(INTLTOOL_MERGE) -k -u -c $(top_builddir)/po/.intltool-merge-cache $(top_srcdir)/po $< $@'
INTLTOOL_MERGE='/usr/bin/intltool-merge'
INTLTOOL_OAF_RULE='%.oaf:       %.oaf.in       $(INTLTOOL_MERGE) $(wildcard $(top_srcdir)/po/*.po) ; LC_ALL=C $(INTLTOOL_MERGE) -o -p $(top_srcdir)/po $< $@'
INTLTOOL_PERL='/usr/bin/perl'
INTLTOOL_POLICY_RULE='%.policy:    %.policy.in    $(INTLTOOL_MERGE) $(wildcard $(top_srcdir)/po/*.po) ; LC_ALL=C $(INTLTOOL_MERGE) -x -u -c $(top_builddir)/po/.intltool-merge-cache $(top_srcdir)/po $< $@'
INTLTOOL_PONG_RULE='%.pong:      %.pong.in      $(INTLTOOL_MERGE) $(wildcard $(top_srcdir)/po/*.po) ; LC_ALL=C $(INTLTOOL_MERGE) -x -u -c $(top_builddir)/po/.intltool-merge-cache $(top_srcdir)/po $< $@'
INTLTOOL_PROP_RULE='%.prop:      %.prop.in      $(INTLTOOL_MERGE) $(wildcard $(top_srcdir)/po/*.po) ; LC_ALL=C $(INTLTOOL_MERGE) -d -u -c $(top_builddir)/po/.intltool-merge-cache $(top_srcdir)/po $< $@'
INTLTOOL_SCHEMAS_RULE='%.schemas:   %.schemas.in   $(INTLTOOL_MERGE) $(wildcard $(top_srcdir)/po/*.po) ; LC_ALL=C $(INTLTOOL_MERGE) -s -u -c $(top_builddir)/po/.intltool-merge-cache $(top_srcdir)/po $< $@'
INTLTOOL_SERVER_RULE='%.server:    %.server.in    $(INTLTOOL_MERGE) $(wildcard $(top_srcdir)/po/*.po) ; LC_ALL=C $(INTLTOOL_MERGE) -o -u -c $(top_builddir)/po/.intltool-merge-cache $(top_srcdir)/po $< $@'
INTLTOOL_SERVICE_RULE='%.service: %.service.in   $(INTLTOOL_MERGE) $(wildcard $(top_srcdir)/po/*.po) ; LC_ALL=C $(INTLTOOL_MERGE) -d -u -c $(top_builddir)/po/.intltool-merge-cache $(top_srcdir)/po $< $@'
INTLTOOL_SHEET_RULE='%.sheet:     %.sheet.in     $(INTLTOOL_MERGE) $(wildcard $(top_srcdir)/po/*.po) ; LC_ALL=C $(INTLTOOL_MERGE) -x -u -c $(top_builddir)/po/.intltool-merge-cache $(top_srcdir)/po $< $@'
INTLTOOL_SOUNDLIST_RULE='%.soundlist: %.soundlist.in $(INTLTOOL_MERGE) $(wildcard $(top_srcdir)/po/*.po) ; LC_ALL=C $(INTLTOOL_MERGE) -d -u -c $(top_builddir)/po/.intltool-merge-cache $(top_srcdir)/po $< $@'
INTLTOOL_THEME_RULE='%.theme:     %.theme.in     $(INTLTOOL_MERGE) $(wildcard $(top_srcdir)/po/*.po) ; LC_ALL=C $(INTLTOOL_MERGE) -d -u -c $(top_builddir)/po/.intltool-merge-cache $(top_srcdir)/po $< $@'
INTLTOOL_UI_RULE='%.ui:        %.ui.in        $(INTLTOOL_MERGE) $(wildcard $(top_srcdir)/po/*.po) ; LC_ALL=C $(INTLTOOL_MERGE) -x -u -c $(top_builddir)/po/.intltool-merge-cache $(top_srcdir)/po $< $@'
INTLTOOL_UPDATE='/usr/bin/intltool-update'
INTLTOOL_XAM_RULE='%.xam:       %.xml.in       $(INTLTOOL_MERGE) $(wildcard $(top_srcdir)/po/*.po) ; LC_ALL=C $(INTLTOOL_MERGE) -x -u -c $(top_builddir)/po/.intltool-merge-cache $(top_srcdir)/po $< $@'
INTLTOOL_XML_NOMERGE_RULE='%.xml:       %.xml.in       $(INTLTOOL_MERGE) ; LC_ALL=C $(INTLTOOL_MERGE) -x -u /tmp $< $@'
INTLTOOL_XML_RULE='%.xml:       %.xml.in       $(INTLTOOL_MERGE) $(wildcard $(top_srcdir)/po/*.po) ; LC_ALL=C $(INTLTOOL_MERGE) -x -u -c $(top_builddir)/po/.intltool-merge-cache $(top_srcdir)/po $< $@'
LD='arm-angstrom-linux-gnueabi-ld'
LDFLAGS='-L/usr/local/openmoko/arm/arm-angstrom-linux-gnueabi/lib -Wl,-rpath-link,/usr/local/openmoko/arm/arm-angstrom-linux-gnueabi/lib -Wl,-O1'
LIBOBJS=''
LIBS=''
LIBTOOL='$(SHELL) $(top_builddir)/libtool'
LIPO=''
LN_S='ln -s'
LTLIBOBJS=''
MAINT='#'
MAINTAINER_MODE_FALSE=''
MAINTAINER_MODE_TRUE='#'
MAKEINFO='${SHELL} /home/ito/workspace/e-tasks/missing --run makeinfo'
MKDIR_P='/bin/mkdir -p'
MKINSTALLDIRS='./mkinstalldirs'
MSGFMT='/usr/bin/msgfmt'
MSGFMT_OPTS='-c'
MSGMERGE='/usr/bin/msgmerge'
NM='/usr/local/openmoko/arm/bin/arm-angstrom-linux-gnueabi-nm -B'
NMEDIT=''
OBJDUMP='arm-angstrom-linux-gnueabi-objdump'
OBJEXT='o'
OTOOL64=''
OTOOL=''
PACKAGE='tasks'
PACKAGE_BUGREPORT=''
PACKAGE_NAME='tasks'
PACKAGE_STRING='tasks 0.10'
PACKAGE_TARNAME='tasks'
PACKAGE_VERSION='0.10'
PATH_SEPARATOR=':'
PKG_CONFIG='/usr/local/openmoko/arm/bin/pkg-config'
POFILES=''
POSUB='po'
PO_IN_DATADIR_FALSE=''
PO_IN_DATADIR_TRUE=''
RANLIB='arm-angstrom-linux-gnueabi-ranlib'
SED='/bin/sed'
SET_MAKE=''
SHELL='/bin/bash'
STRIP='arm-angstrom-linux-gnueabi-strip'
TASKS_CFLAGS='-I/usr/local/openmoko/arm/arm-angstrom-linux-gnueabi/usr/include/elementary -I/usr/local/openmoko/arm/arm-angstrom-linux-gnueabi/usr/include/eina-0 -I/usr/local/openmoko/arm/arm-angstrom-linux-gnueabi/usr/include/eina-0/eina -I/usr/local/openmoko/arm/arm-angstrom-linux-gnueabi/usr/include/dbus-1.0 -I/usr/local/openmoko/arm/arm-angstrom-linux-gnueabi/usr/lib/dbus-1.0/include  '
TASKS_LIBS='-lelementary -lehal -ledje -lecore_file -lecore_evas -ledbus -lembryo -lecore_job -leet -lgnutls -lcurl -lecore_fb -lecore_x -lecore_input -lecore_txt -levas -lecore -lssl -lcrypto -leina -ldbus-1 -lsqlite3  '
USE_NLS='yes'
VERSION='0.10'
XGETTEXT='/usr/bin/xgettext'
ac_ct_CC=''
ac_ct_DUMPBIN=''
am__fastdepCC_FALSE='#'
am__fastdepCC_TRUE=''
am__include='include'
am__isrc=''
am__leading_dot='.'
am__quote=''
am__tar='${AMTAR} chof - "$$tardir"'
am__untar='${AMTAR} xf -'
bindir='${exec_prefix}/bin'
build='x86_64-unknown-linux-gnu'
build_alias=''
build_cpu='x86_64'
build_os='linux-gnu'
build_vendor='unknown'
datadir='${datarootdir}'
datarootdir='${prefix}/share'
docdir='${datarootdir}/doc/${PACKAGE_TARNAME}'
dvidir='${docdir}'
exec_prefix='${prefix}'
host='arm-angstrom-linux-gnueabi'
host_alias='arm-angstrom-linux-gnueabi'
host_cpu='arm'
host_os='linux-gnueabi'
host_vendor='angstrom'
htmldir='${docdir}'
includedir='${prefix}/include'
infodir='${datarootdir}/info'
install_sh='$(SHELL) /home/ito/workspace/e-tasks/install-sh'
libdir='${exec_prefix}/lib'
libexecdir='${exec_prefix}/libexec'
localedir='${datarootdir}/locale'
localstatedir='${prefix}/var'
lt_ECHO='echo'
mandir='${datarootdir}/man'
mkdir_p='/bin/mkdir -p'
oldincludedir='/usr/include'
pdfdir='${docdir}'
prefix='/usr/local/openmoko/arm/arm-angstrom-linux-gnueabi/usr'
program_transform_name='s,x,x,'
psdir='${docdir}'
sbindir='${exec_prefix}/sbin'
sharedstatedir='${prefix}/com'
sysconfdir='${prefix}/etc'
target_alias=''

## ----------- ##
## confdefs.h. ##
## ----------- ##

#define PACKAGE_NAME "tasks"
#define PACKAGE_TARNAME "tasks"
#define PACKAGE_VERSION "0.10"
#define PACKAGE_STRING "tasks 0.10"
#define PACKAGE_BUGREPORT ""
#define PACKAGE "tasks"
#define VERSION "0.10"
#define STDC_HEADERS 1
#define GETTEXT_PACKAGE "tasks"
#define HAVE_SYS_TYPES_H 1
#define HAVE_SYS_STAT_H 1
#define HAVE_STDLIB_H 1
#define HAVE_STRING_H 1
#define HAVE_MEMORY_H 1
#define HAVE_STRINGS_H 1
#define HAVE_INTTYPES_H 1
#define HAVE_STDINT_H 1
#define HAVE_UNISTD_H 1
#define HAVE_LOCALE_H 1
#define HAVE_LC_MESSAGES 1
#define HAVE_BIND_TEXTDOMAIN_CODESET 1
#define HAVE_GETTEXT 1
#define HAVE_DCGETTEXT 1
#define ENABLE_NLS 1
#define HAVE_DLFCN_H 1
#define LT_OBJDIR ".libs/"

configure: exit 0
